[2023-11-09 04:38:16] local.INFO: Detected N+1 Query  
[2023-11-09 04:38:16] local.INFO: Model: App\Models\SupportMessage
Relation: App\Models\SupportAttachment
Num-Called: 2
Call-Stack:
#13 \vendor\laravel\framework\src\Illuminate\Support\Traits\ForwardsCalls.php:23
#14 \vendor\laravel\framework\src\Illuminate\Support\Traits\ForwardsCalls.php:52
#16 \storage\framework\views\12fb99caca8d4fe759c8e9b6ea8b20224a8fbdc0.php:95
#18 \vendor\laravel\framework\src\Illuminate\Filesystem\Filesystem.php:108
#19 \vendor\laravel\framework\src\Illuminate\View\Engines\PhpEngine.php:58
#20 \vendor\laravel\framework\src\Illuminate\View\Engines\CompilerEngine.php:61
#21 \vendor\facade\ignition\src\Views\Engines\CompilerEngine.php:37
#22 \vendor\laravel\framework\src\Illuminate\View\View.php:139
#23 \vendor\laravel\framework\src\Illuminate\View\View.php:122
#24 \vendor\laravel\framework\src\Illuminate\View\View.php:91
#25 \vendor\laravel\framework\src\Illuminate\Http\Response.php:69
#26 \vendor\laravel\framework\src\Illuminate\Http\Response.php:35
#27 \vendor\laravel\framework\src\Illuminate\Routing\Router.php:820
#28 \vendor\laravel\framework\src\Illuminate\Routing\Router.php:789
#29 \vendor\laravel\framework\src\Illuminate\Routing\Router.php:721
#30 \vendor\laravel\framework\src\Illuminate\Pipeline\Pipeline.php:128
#31 \app\Http\Middleware\StaffAccess.php:24
#32 \vendor\laravel\framework\src\Illuminate\Pipeline\Pipeline.php:167
#33 \app\Http\Middleware\RedirectIfNotAdmin.php:22
#34 \vendor\laravel\framework\src\Illuminate\Pipeline\Pipeline.php:167
#35 \app\Http\Middleware\LastUserActivity.php:30
#36 \vendor\laravel\framework\src\Illuminate\Pipeline\Pipeline.php:167
#37 \app\Http\Middleware\LanguageMiddleware.php:21
#38 \vendor\laravel\framework\src\Illuminate\Pipeline\Pipeline.php:167
#39 \vendor\laravel\framework\src\Illuminate\Routing\Middleware\SubstituteBindings.php:50
#40 \vendor\laravel\framework\src\Illuminate\Pipeline\Pipeline.php:167
#41 \vendor\laravel\framework\src\Illuminate\Foundation\Http\Middleware\VerifyCsrfToken.php:78
#42 \vendor\laravel\framework\src\Illuminate\Pipeline\Pipeline.php:167
#43 \vendor\laravel\framework\src\Illuminate\View\Middleware\ShareErrorsFromSession.php:49
#44 \vendor\laravel\framework\src\Illuminate\Pipeline\Pipeline.php:167
#45 \vendor\laravel\framework\src\Illuminate\Session\Middleware\StartSession.php:121
#46 \vendor\laravel\framework\src\Illuminate\Session\Middleware\StartSession.php:64
#47 \vendor\laravel\framework\src\Illuminate\Pipeline\Pipeline.php:167
#48 \vendor\laravel\framework\src\Illuminate\Cookie\Middleware\AddQueuedCookiesToResponse.php:37
#49 \vendor\laravel\framework\src\Illuminate\Pipeline\Pipeline.php:167
  
[2023-11-09 04:38:37] local.INFO: Detected N+1 Query  
[2023-11-09 04:38:37] local.INFO: Model: App\Models\SupportMessage
Relation: admin
Num-Called: 2
Call-Stack:
#18 \storage\framework\views\12fb99caca8d4fe759c8e9b6ea8b20224a8fbdc0.php:108
#20 \vendor\laravel\framework\src\Illuminate\Filesystem\Filesystem.php:108
#21 \vendor\laravel\framework\src\Illuminate\View\Engines\PhpEngine.php:58
#22 \vendor\laravel\framework\src\Illuminate\View\Engines\CompilerEngine.php:61
#23 \vendor\facade\ignition\src\Views\Engines\CompilerEngine.php:37
#24 \vendor\laravel\framework\src\Illuminate\View\View.php:139
#25 \vendor\laravel\framework\src\Illuminate\View\View.php:122
#26 \vendor\laravel\framework\src\Illuminate\View\View.php:91
#27 \vendor\laravel\framework\src\Illuminate\Http\Response.php:69
#28 \vendor\laravel\framework\src\Illuminate\Http\Response.php:35
#29 \vendor\laravel\framework\src\Illuminate\Routing\Router.php:820
#30 \vendor\laravel\framework\src\Illuminate\Routing\Router.php:789
#31 \vendor\laravel\framework\src\Illuminate\Routing\Router.php:721
#32 \vendor\laravel\framework\src\Illuminate\Pipeline\Pipeline.php:128
#33 \app\Http\Middleware\StaffAccess.php:24
#34 \vendor\laravel\framework\src\Illuminate\Pipeline\Pipeline.php:167
#35 \app\Http\Middleware\RedirectIfNotAdmin.php:22
#36 \vendor\laravel\framework\src\Illuminate\Pipeline\Pipeline.php:167
#37 \app\Http\Middleware\LastUserActivity.php:30
#38 \vendor\laravel\framework\src\Illuminate\Pipeline\Pipeline.php:167
#39 \app\Http\Middleware\LanguageMiddleware.php:21
#40 \vendor\laravel\framework\src\Illuminate\Pipeline\Pipeline.php:167
#41 \vendor\laravel\framework\src\Illuminate\Routing\Middleware\SubstituteBindings.php:50
#42 \vendor\laravel\framework\src\Illuminate\Pipeline\Pipeline.php:167
#43 \vendor\laravel\framework\src\Illuminate\Foundation\Http\Middleware\VerifyCsrfToken.php:78
#44 \vendor\laravel\framework\src\Illuminate\Pipeline\Pipeline.php:167
#45 \vendor\laravel\framework\src\Illuminate\View\Middleware\ShareErrorsFromSession.php:49
#46 \vendor\laravel\framework\src\Illuminate\Pipeline\Pipeline.php:167
#47 \vendor\laravel\framework\src\Illuminate\Session\Middleware\StartSession.php:121
#48 \vendor\laravel\framework\src\Illuminate\Session\Middleware\StartSession.php:64
#49 \vendor\laravel\framework\src\Illuminate\Pipeline\Pipeline.php:167
  
[2023-11-09 04:38:37] local.INFO: Model: App\Models\SupportMessage
Relation: App\Models\SupportAttachment
Num-Called: 3
Call-Stack:
#13 \vendor\laravel\framework\src\Illuminate\Support\Traits\ForwardsCalls.php:23
#14 \vendor\laravel\framework\src\Illuminate\Support\Traits\ForwardsCalls.php:52
#16 \storage\framework\views\12fb99caca8d4fe759c8e9b6ea8b20224a8fbdc0.php:95
#18 \vendor\laravel\framework\src\Illuminate\Filesystem\Filesystem.php:108
#19 \vendor\laravel\framework\src\Illuminate\View\Engines\PhpEngine.php:58
#20 \vendor\laravel\framework\src\Illuminate\View\Engines\CompilerEngine.php:61
#21 \vendor\facade\ignition\src\Views\Engines\CompilerEngine.php:37
#22 \vendor\laravel\framework\src\Illuminate\View\View.php:139
#23 \vendor\laravel\framework\src\Illuminate\View\View.php:122
#24 \vendor\laravel\framework\src\Illuminate\View\View.php:91
#25 \vendor\laravel\framework\src\Illuminate\Http\Response.php:69
#26 \vendor\laravel\framework\src\Illuminate\Http\Response.php:35
#27 \vendor\laravel\framework\src\Illuminate\Routing\Router.php:820
#28 \vendor\laravel\framework\src\Illuminate\Routing\Router.php:789
#29 \vendor\laravel\framework\src\Illuminate\Routing\Router.php:721
#30 \vendor\laravel\framework\src\Illuminate\Pipeline\Pipeline.php:128
#31 \app\Http\Middleware\StaffAccess.php:24
#32 \vendor\laravel\framework\src\Illuminate\Pipeline\Pipeline.php:167
#33 \app\Http\Middleware\RedirectIfNotAdmin.php:22
#34 \vendor\laravel\framework\src\Illuminate\Pipeline\Pipeline.php:167
#35 \app\Http\Middleware\LastUserActivity.php:30
#36 \vendor\laravel\framework\src\Illuminate\Pipeline\Pipeline.php:167
#37 \app\Http\Middleware\LanguageMiddleware.php:21
#38 \vendor\laravel\framework\src\Illuminate\Pipeline\Pipeline.php:167
#39 \vendor\laravel\framework\src\Illuminate\Routing\Middleware\SubstituteBindings.php:50
#40 \vendor\laravel\framework\src\Illuminate\Pipeline\Pipeline.php:167
#41 \vendor\laravel\framework\src\Illuminate\Foundation\Http\Middleware\VerifyCsrfToken.php:78
#42 \vendor\laravel\framework\src\Illuminate\Pipeline\Pipeline.php:167
#43 \vendor\laravel\framework\src\Illuminate\View\Middleware\ShareErrorsFromSession.php:49
#44 \vendor\laravel\framework\src\Illuminate\Pipeline\Pipeline.php:167
#45 \vendor\laravel\framework\src\Illuminate\Session\Middleware\StartSession.php:121
#46 \vendor\laravel\framework\src\Illuminate\Session\Middleware\StartSession.php:64
#47 \vendor\laravel\framework\src\Illuminate\Pipeline\Pipeline.php:167
#48 \vendor\laravel\framework\src\Illuminate\Cookie\Middleware\AddQueuedCookiesToResponse.php:37
#49 \vendor\laravel\framework\src\Illuminate\Pipeline\Pipeline.php:167
  
[2023-11-09 22:55:02] local.INFO: Detected N+1 Query  
[2023-11-09 22:55:02] local.INFO: Model: App\Models\SupportMessage
Relation: admin
Num-Called: 2
Call-Stack:
#18 \storage\framework\views\12fb99caca8d4fe759c8e9b6ea8b20224a8fbdc0.php:108
#20 \vendor\laravel\framework\src\Illuminate\Filesystem\Filesystem.php:108
#21 \vendor\laravel\framework\src\Illuminate\View\Engines\PhpEngine.php:58
#22 \vendor\laravel\framework\src\Illuminate\View\Engines\CompilerEngine.php:61
#23 \vendor\facade\ignition\src\Views\Engines\CompilerEngine.php:37
#24 \vendor\laravel\framework\src\Illuminate\View\View.php:139
#25 \vendor\laravel\framework\src\Illuminate\View\View.php:122
#26 \vendor\laravel\framework\src\Illuminate\View\View.php:91
#27 \vendor\laravel\framework\src\Illuminate\Http\Response.php:69
#28 \vendor\laravel\framework\src\Illuminate\Http\Response.php:35
#29 \vendor\laravel\framework\src\Illuminate\Routing\Router.php:820
#30 \vendor\laravel\framework\src\Illuminate\Routing\Router.php:789
#31 \vendor\laravel\framework\src\Illuminate\Routing\Router.php:721
#32 \vendor\laravel\framework\src\Illuminate\Pipeline\Pipeline.php:128
#33 \app\Http\Middleware\StaffAccess.php:24
#34 \vendor\laravel\framework\src\Illuminate\Pipeline\Pipeline.php:167
#35 \app\Http\Middleware\RedirectIfNotAdmin.php:22
#36 \vendor\laravel\framework\src\Illuminate\Pipeline\Pipeline.php:167
#37 \app\Http\Middleware\LastUserActivity.php:30
#38 \vendor\laravel\framework\src\Illuminate\Pipeline\Pipeline.php:167
#39 \app\Http\Middleware\LanguageMiddleware.php:21
#40 \vendor\laravel\framework\src\Illuminate\Pipeline\Pipeline.php:167
#41 \vendor\laravel\framework\src\Illuminate\Routing\Middleware\SubstituteBindings.php:50
#42 \vendor\laravel\framework\src\Illuminate\Pipeline\Pipeline.php:167
#43 \vendor\laravel\framework\src\Illuminate\Foundation\Http\Middleware\VerifyCsrfToken.php:78
#44 \vendor\laravel\framework\src\Illuminate\Pipeline\Pipeline.php:167
#45 \vendor\laravel\framework\src\Illuminate\View\Middleware\ShareErrorsFromSession.php:49
#46 \vendor\laravel\framework\src\Illuminate\Pipeline\Pipeline.php:167
#47 \vendor\laravel\framework\src\Illuminate\Session\Middleware\StartSession.php:121
#48 \vendor\laravel\framework\src\Illuminate\Session\Middleware\StartSession.php:64
#49 \vendor\laravel\framework\src\Illuminate\Pipeline\Pipeline.php:167
  
[2023-11-09 22:55:02] local.INFO: Model: App\Models\SupportMessage
Relation: App\Models\SupportAttachment
Num-Called: 2
Call-Stack:
#13 \vendor\laravel\framework\src\Illuminate\Support\Traits\ForwardsCalls.php:23
#14 \vendor\laravel\framework\src\Illuminate\Support\Traits\ForwardsCalls.php:52
#16 \storage\framework\views\12fb99caca8d4fe759c8e9b6ea8b20224a8fbdc0.php:117
#18 \vendor\laravel\framework\src\Illuminate\Filesystem\Filesystem.php:108
#19 \vendor\laravel\framework\src\Illuminate\View\Engines\PhpEngine.php:58
#20 \vendor\laravel\framework\src\Illuminate\View\Engines\CompilerEngine.php:61
#21 \vendor\facade\ignition\src\Views\Engines\CompilerEngine.php:37
#22 \vendor\laravel\framework\src\Illuminate\View\View.php:139
#23 \vendor\laravel\framework\src\Illuminate\View\View.php:122
#24 \vendor\laravel\framework\src\Illuminate\View\View.php:91
#25 \vendor\laravel\framework\src\Illuminate\Http\Response.php:69
#26 \vendor\laravel\framework\src\Illuminate\Http\Response.php:35
#27 \vendor\laravel\framework\src\Illuminate\Routing\Router.php:820
#28 \vendor\laravel\framework\src\Illuminate\Routing\Router.php:789
#29 \vendor\laravel\framework\src\Illuminate\Routing\Router.php:721
#30 \vendor\laravel\framework\src\Illuminate\Pipeline\Pipeline.php:128
#31 \app\Http\Middleware\StaffAccess.php:24
#32 \vendor\laravel\framework\src\Illuminate\Pipeline\Pipeline.php:167
#33 \app\Http\Middleware\RedirectIfNotAdmin.php:22
#34 \vendor\laravel\framework\src\Illuminate\Pipeline\Pipeline.php:167
#35 \app\Http\Middleware\LastUserActivity.php:30
#36 \vendor\laravel\framework\src\Illuminate\Pipeline\Pipeline.php:167
#37 \app\Http\Middleware\LanguageMiddleware.php:21
#38 \vendor\laravel\framework\src\Illuminate\Pipeline\Pipeline.php:167
#39 \vendor\laravel\framework\src\Illuminate\Routing\Middleware\SubstituteBindings.php:50
#40 \vendor\laravel\framework\src\Illuminate\Pipeline\Pipeline.php:167
#41 \vendor\laravel\framework\src\Illuminate\Foundation\Http\Middleware\VerifyCsrfToken.php:78
#42 \vendor\laravel\framework\src\Illuminate\Pipeline\Pipeline.php:167
#43 \vendor\laravel\framework\src\Illuminate\View\Middleware\ShareErrorsFromSession.php:49
#44 \vendor\laravel\framework\src\Illuminate\Pipeline\Pipeline.php:167
#45 \vendor\laravel\framework\src\Illuminate\Session\Middleware\StartSession.php:121
#46 \vendor\laravel\framework\src\Illuminate\Session\Middleware\StartSession.php:64
#47 \vendor\laravel\framework\src\Illuminate\Pipeline\Pipeline.php:167
#48 \vendor\laravel\framework\src\Illuminate\Cookie\Middleware\AddQueuedCookiesToResponse.php:37
#49 \vendor\laravel\framework\src\Illuminate\Pipeline\Pipeline.php:167
  
[2023-11-09 22:56:15] local.INFO: Detected N+1 Query  
[2023-11-09 22:56:15] local.INFO: Model: App\Models\SupportMessage
Relation: admin
Num-Called: 2
Call-Stack:
#18 \storage\framework\views\12fb99caca8d4fe759c8e9b6ea8b20224a8fbdc0.php:108
#20 \vendor\laravel\framework\src\Illuminate\Filesystem\Filesystem.php:108
#21 \vendor\laravel\framework\src\Illuminate\View\Engines\PhpEngine.php:58
#22 \vendor\laravel\framework\src\Illuminate\View\Engines\CompilerEngine.php:61
#23 \vendor\facade\ignition\src\Views\Engines\CompilerEngine.php:37
#24 \vendor\laravel\framework\src\Illuminate\View\View.php:139
#25 \vendor\laravel\framework\src\Illuminate\View\View.php:122
#26 \vendor\laravel\framework\src\Illuminate\View\View.php:91
#27 \vendor\laravel\framework\src\Illuminate\Http\Response.php:69
#28 \vendor\laravel\framework\src\Illuminate\Http\Response.php:35
#29 \vendor\laravel\framework\src\Illuminate\Routing\Router.php:820
#30 \vendor\laravel\framework\src\Illuminate\Routing\Router.php:789
#31 \vendor\laravel\framework\src\Illuminate\Routing\Router.php:721
#32 \vendor\laravel\framework\src\Illuminate\Pipeline\Pipeline.php:128
#33 \app\Http\Middleware\StaffAccess.php:24
#34 \vendor\laravel\framework\src\Illuminate\Pipeline\Pipeline.php:167
#35 \app\Http\Middleware\RedirectIfNotAdmin.php:22
#36 \vendor\laravel\framework\src\Illuminate\Pipeline\Pipeline.php:167
#37 \app\Http\Middleware\LastUserActivity.php:30
#38 \vendor\laravel\framework\src\Illuminate\Pipeline\Pipeline.php:167
#39 \app\Http\Middleware\LanguageMiddleware.php:21
#40 \vendor\laravel\framework\src\Illuminate\Pipeline\Pipeline.php:167
#41 \vendor\laravel\framework\src\Illuminate\Routing\Middleware\SubstituteBindings.php:50
#42 \vendor\laravel\framework\src\Illuminate\Pipeline\Pipeline.php:167
#43 \vendor\laravel\framework\src\Illuminate\Foundation\Http\Middleware\VerifyCsrfToken.php:78
#44 \vendor\laravel\framework\src\Illuminate\Pipeline\Pipeline.php:167
#45 \vendor\laravel\framework\src\Illuminate\View\Middleware\ShareErrorsFromSession.php:49
#46 \vendor\laravel\framework\src\Illuminate\Pipeline\Pipeline.php:167
#47 \vendor\laravel\framework\src\Illuminate\Session\Middleware\StartSession.php:121
#48 \vendor\laravel\framework\src\Illuminate\Session\Middleware\StartSession.php:64
#49 \vendor\laravel\framework\src\Illuminate\Pipeline\Pipeline.php:167
  
[2023-11-09 22:56:15] local.INFO: Model: App\Models\SupportMessage
Relation: App\Models\SupportAttachment
Num-Called: 2
Call-Stack:
#13 \vendor\laravel\framework\src\Illuminate\Support\Traits\ForwardsCalls.php:23
#14 \vendor\laravel\framework\src\Illuminate\Support\Traits\ForwardsCalls.php:52
#16 \storage\framework\views\12fb99caca8d4fe759c8e9b6ea8b20224a8fbdc0.php:117
#18 \vendor\laravel\framework\src\Illuminate\Filesystem\Filesystem.php:108
#19 \vendor\laravel\framework\src\Illuminate\View\Engines\PhpEngine.php:58
#20 \vendor\laravel\framework\src\Illuminate\View\Engines\CompilerEngine.php:61
#21 \vendor\facade\ignition\src\Views\Engines\CompilerEngine.php:37
#22 \vendor\laravel\framework\src\Illuminate\View\View.php:139
#23 \vendor\laravel\framework\src\Illuminate\View\View.php:122
#24 \vendor\laravel\framework\src\Illuminate\View\View.php:91
#25 \vendor\laravel\framework\src\Illuminate\Http\Response.php:69
#26 \vendor\laravel\framework\src\Illuminate\Http\Response.php:35
#27 \vendor\laravel\framework\src\Illuminate\Routing\Router.php:820
#28 \vendor\laravel\framework\src\Illuminate\Routing\Router.php:789
#29 \vendor\laravel\framework\src\Illuminate\Routing\Router.php:721
#30 \vendor\laravel\framework\src\Illuminate\Pipeline\Pipeline.php:128
#31 \app\Http\Middleware\StaffAccess.php:24
#32 \vendor\laravel\framework\src\Illuminate\Pipeline\Pipeline.php:167
#33 \app\Http\Middleware\RedirectIfNotAdmin.php:22
#34 \vendor\laravel\framework\src\Illuminate\Pipeline\Pipeline.php:167
#35 \app\Http\Middleware\LastUserActivity.php:30
#36 \vendor\laravel\framework\src\Illuminate\Pipeline\Pipeline.php:167
#37 \app\Http\Middleware\LanguageMiddleware.php:21
#38 \vendor\laravel\framework\src\Illuminate\Pipeline\Pipeline.php:167
#39 \vendor\laravel\framework\src\Illuminate\Routing\Middleware\SubstituteBindings.php:50
#40 \vendor\laravel\framework\src\Illuminate\Pipeline\Pipeline.php:167
#41 \vendor\laravel\framework\src\Illuminate\Foundation\Http\Middleware\VerifyCsrfToken.php:78
#42 \vendor\laravel\framework\src\Illuminate\Pipeline\Pipeline.php:167
#43 \vendor\laravel\framework\src\Illuminate\View\Middleware\ShareErrorsFromSession.php:49
#44 \vendor\laravel\framework\src\Illuminate\Pipeline\Pipeline.php:167
#45 \vendor\laravel\framework\src\Illuminate\Session\Middleware\StartSession.php:121
#46 \vendor\laravel\framework\src\Illuminate\Session\Middleware\StartSession.php:64
#47 \vendor\laravel\framework\src\Illuminate\Pipeline\Pipeline.php:167
#48 \vendor\laravel\framework\src\Illuminate\Cookie\Middleware\AddQueuedCookiesToResponse.php:37
#49 \vendor\laravel\framework\src\Illuminate\Pipeline\Pipeline.php:167
  
[2023-11-09 22:56:26] local.INFO: Detected N+1 Query  
[2023-11-09 22:56:26] local.INFO: Model: App\Models\SupportMessage
Relation: admin
Num-Called: 3
Call-Stack:
#18 \storage\framework\views\12fb99caca8d4fe759c8e9b6ea8b20224a8fbdc0.php:108
#20 \vendor\laravel\framework\src\Illuminate\Filesystem\Filesystem.php:108
#21 \vendor\laravel\framework\src\Illuminate\View\Engines\PhpEngine.php:58
#22 \vendor\laravel\framework\src\Illuminate\View\Engines\CompilerEngine.php:61
#23 \vendor\facade\ignition\src\Views\Engines\CompilerEngine.php:37
#24 \vendor\laravel\framework\src\Illuminate\View\View.php:139
#25 \vendor\laravel\framework\src\Illuminate\View\View.php:122
#26 \vendor\laravel\framework\src\Illuminate\View\View.php:91
#27 \vendor\laravel\framework\src\Illuminate\Http\Response.php:69
#28 \vendor\laravel\framework\src\Illuminate\Http\Response.php:35
#29 \vendor\laravel\framework\src\Illuminate\Routing\Router.php:820
#30 \vendor\laravel\framework\src\Illuminate\Routing\Router.php:789
#31 \vendor\laravel\framework\src\Illuminate\Routing\Router.php:721
#32 \vendor\laravel\framework\src\Illuminate\Pipeline\Pipeline.php:128
#33 \app\Http\Middleware\StaffAccess.php:24
#34 \vendor\laravel\framework\src\Illuminate\Pipeline\Pipeline.php:167
#35 \app\Http\Middleware\RedirectIfNotAdmin.php:22
#36 \vendor\laravel\framework\src\Illuminate\Pipeline\Pipeline.php:167
#37 \app\Http\Middleware\LastUserActivity.php:30
#38 \vendor\laravel\framework\src\Illuminate\Pipeline\Pipeline.php:167
#39 \app\Http\Middleware\LanguageMiddleware.php:21
#40 \vendor\laravel\framework\src\Illuminate\Pipeline\Pipeline.php:167
#41 \vendor\laravel\framework\src\Illuminate\Routing\Middleware\SubstituteBindings.php:50
#42 \vendor\laravel\framework\src\Illuminate\Pipeline\Pipeline.php:167
#43 \vendor\laravel\framework\src\Illuminate\Foundation\Http\Middleware\VerifyCsrfToken.php:78
#44 \vendor\laravel\framework\src\Illuminate\Pipeline\Pipeline.php:167
#45 \vendor\laravel\framework\src\Illuminate\View\Middleware\ShareErrorsFromSession.php:49
#46 \vendor\laravel\framework\src\Illuminate\Pipeline\Pipeline.php:167
#47 \vendor\laravel\framework\src\Illuminate\Session\Middleware\StartSession.php:121
#48 \vendor\laravel\framework\src\Illuminate\Session\Middleware\StartSession.php:64
#49 \vendor\laravel\framework\src\Illuminate\Pipeline\Pipeline.php:167
  
[2023-11-09 22:56:26] local.INFO: Model: App\Models\SupportMessage
Relation: App\Models\SupportAttachment
Num-Called: 3
Call-Stack:
#13 \vendor\laravel\framework\src\Illuminate\Support\Traits\ForwardsCalls.php:23
#14 \vendor\laravel\framework\src\Illuminate\Support\Traits\ForwardsCalls.php:52
#16 \storage\framework\views\12fb99caca8d4fe759c8e9b6ea8b20224a8fbdc0.php:117
#18 \vendor\laravel\framework\src\Illuminate\Filesystem\Filesystem.php:108
#19 \vendor\laravel\framework\src\Illuminate\View\Engines\PhpEngine.php:58
#20 \vendor\laravel\framework\src\Illuminate\View\Engines\CompilerEngine.php:61
#21 \vendor\facade\ignition\src\Views\Engines\CompilerEngine.php:37
#22 \vendor\laravel\framework\src\Illuminate\View\View.php:139
#23 \vendor\laravel\framework\src\Illuminate\View\View.php:122
#24 \vendor\laravel\framework\src\Illuminate\View\View.php:91
#25 \vendor\laravel\framework\src\Illuminate\Http\Response.php:69
#26 \vendor\laravel\framework\src\Illuminate\Http\Response.php:35
#27 \vendor\laravel\framework\src\Illuminate\Routing\Router.php:820
#28 \vendor\laravel\framework\src\Illuminate\Routing\Router.php:789
#29 \vendor\laravel\framework\src\Illuminate\Routing\Router.php:721
#30 \vendor\laravel\framework\src\Illuminate\Pipeline\Pipeline.php:128
#31 \app\Http\Middleware\StaffAccess.php:24
#32 \vendor\laravel\framework\src\Illuminate\Pipeline\Pipeline.php:167
#33 \app\Http\Middleware\RedirectIfNotAdmin.php:22
#34 \vendor\laravel\framework\src\Illuminate\Pipeline\Pipeline.php:167
#35 \app\Http\Middleware\LastUserActivity.php:30
#36 \vendor\laravel\framework\src\Illuminate\Pipeline\Pipeline.php:167
#37 \app\Http\Middleware\LanguageMiddleware.php:21
#38 \vendor\laravel\framework\src\Illuminate\Pipeline\Pipeline.php:167
#39 \vendor\laravel\framework\src\Illuminate\Routing\Middleware\SubstituteBindings.php:50
#40 \vendor\laravel\framework\src\Illuminate\Pipeline\Pipeline.php:167
#41 \vendor\laravel\framework\src\Illuminate\Foundation\Http\Middleware\VerifyCsrfToken.php:78
#42 \vendor\laravel\framework\src\Illuminate\Pipeline\Pipeline.php:167
#43 \vendor\laravel\framework\src\Illuminate\View\Middleware\ShareErrorsFromSession.php:49
#44 \vendor\laravel\framework\src\Illuminate\Pipeline\Pipeline.php:167
#45 \vendor\laravel\framework\src\Illuminate\Session\Middleware\StartSession.php:121
#46 \vendor\laravel\framework\src\Illuminate\Session\Middleware\StartSession.php:64
#47 \vendor\laravel\framework\src\Illuminate\Pipeline\Pipeline.php:167
#48 \vendor\laravel\framework\src\Illuminate\Cookie\Middleware\AddQueuedCookiesToResponse.php:37
#49 \vendor\laravel\framework\src\Illuminate\Pipeline\Pipeline.php:167
  
[2023-11-09 22:56:50] local.INFO: Detected N+1 Query  
[2023-11-09 22:56:50] local.INFO: Model: App\Models\SupportMessage
Relation: admin
Num-Called: 3
Call-Stack:
#18 \storage\framework\views\12fb99caca8d4fe759c8e9b6ea8b20224a8fbdc0.php:108
#20 \vendor\laravel\framework\src\Illuminate\Filesystem\Filesystem.php:108
#21 \vendor\laravel\framework\src\Illuminate\View\Engines\PhpEngine.php:58
#22 \vendor\laravel\framework\src\Illuminate\View\Engines\CompilerEngine.php:61
#23 \vendor\facade\ignition\src\Views\Engines\CompilerEngine.php:37
#24 \vendor\laravel\framework\src\Illuminate\View\View.php:139
#25 \vendor\laravel\framework\src\Illuminate\View\View.php:122
#26 \vendor\laravel\framework\src\Illuminate\View\View.php:91
#27 \vendor\laravel\framework\src\Illuminate\Http\Response.php:69
#28 \vendor\laravel\framework\src\Illuminate\Http\Response.php:35
#29 \vendor\laravel\framework\src\Illuminate\Routing\Router.php:820
#30 \vendor\laravel\framework\src\Illuminate\Routing\Router.php:789
#31 \vendor\laravel\framework\src\Illuminate\Routing\Router.php:721
#32 \vendor\laravel\framework\src\Illuminate\Pipeline\Pipeline.php:128
#33 \app\Http\Middleware\StaffAccess.php:24
#34 \vendor\laravel\framework\src\Illuminate\Pipeline\Pipeline.php:167
#35 \app\Http\Middleware\RedirectIfNotAdmin.php:22
#36 \vendor\laravel\framework\src\Illuminate\Pipeline\Pipeline.php:167
#37 \app\Http\Middleware\LastUserActivity.php:30
#38 \vendor\laravel\framework\src\Illuminate\Pipeline\Pipeline.php:167
#39 \app\Http\Middleware\LanguageMiddleware.php:21
#40 \vendor\laravel\framework\src\Illuminate\Pipeline\Pipeline.php:167
#41 \vendor\laravel\framework\src\Illuminate\Routing\Middleware\SubstituteBindings.php:50
#42 \vendor\laravel\framework\src\Illuminate\Pipeline\Pipeline.php:167
#43 \vendor\laravel\framework\src\Illuminate\Foundation\Http\Middleware\VerifyCsrfToken.php:78
#44 \vendor\laravel\framework\src\Illuminate\Pipeline\Pipeline.php:167
#45 \vendor\laravel\framework\src\Illuminate\View\Middleware\ShareErrorsFromSession.php:49
#46 \vendor\laravel\framework\src\Illuminate\Pipeline\Pipeline.php:167
#47 \vendor\laravel\framework\src\Illuminate\Session\Middleware\StartSession.php:121
#48 \vendor\laravel\framework\src\Illuminate\Session\Middleware\StartSession.php:64
#49 \vendor\laravel\framework\src\Illuminate\Pipeline\Pipeline.php:167
  
[2023-11-09 22:56:50] local.INFO: Model: App\Models\SupportMessage
Relation: App\Models\SupportAttachment
Num-Called: 3
Call-Stack:
#13 \vendor\laravel\framework\src\Illuminate\Support\Traits\ForwardsCalls.php:23
#14 \vendor\laravel\framework\src\Illuminate\Support\Traits\ForwardsCalls.php:52
#16 \storage\framework\views\12fb99caca8d4fe759c8e9b6ea8b20224a8fbdc0.php:117
#18 \vendor\laravel\framework\src\Illuminate\Filesystem\Filesystem.php:108
#19 \vendor\laravel\framework\src\Illuminate\View\Engines\PhpEngine.php:58
#20 \vendor\laravel\framework\src\Illuminate\View\Engines\CompilerEngine.php:61
#21 \vendor\facade\ignition\src\Views\Engines\CompilerEngine.php:37
#22 \vendor\laravel\framework\src\Illuminate\View\View.php:139
#23 \vendor\laravel\framework\src\Illuminate\View\View.php:122
#24 \vendor\laravel\framework\src\Illuminate\View\View.php:91
#25 \vendor\laravel\framework\src\Illuminate\Http\Response.php:69
#26 \vendor\laravel\framework\src\Illuminate\Http\Response.php:35
#27 \vendor\laravel\framework\src\Illuminate\Routing\Router.php:820
#28 \vendor\laravel\framework\src\Illuminate\Routing\Router.php:789
#29 \vendor\laravel\framework\src\Illuminate\Routing\Router.php:721
#30 \vendor\laravel\framework\src\Illuminate\Pipeline\Pipeline.php:128
#31 \app\Http\Middleware\StaffAccess.php:24
#32 \vendor\laravel\framework\src\Illuminate\Pipeline\Pipeline.php:167
#33 \app\Http\Middleware\RedirectIfNotAdmin.php:22
#34 \vendor\laravel\framework\src\Illuminate\Pipeline\Pipeline.php:167
#35 \app\Http\Middleware\LastUserActivity.php:30
#36 \vendor\laravel\framework\src\Illuminate\Pipeline\Pipeline.php:167
#37 \app\Http\Middleware\LanguageMiddleware.php:21
#38 \vendor\laravel\framework\src\Illuminate\Pipeline\Pipeline.php:167
#39 \vendor\laravel\framework\src\Illuminate\Routing\Middleware\SubstituteBindings.php:50
#40 \vendor\laravel\framework\src\Illuminate\Pipeline\Pipeline.php:167
#41 \vendor\laravel\framework\src\Illuminate\Foundation\Http\Middleware\VerifyCsrfToken.php:78
#42 \vendor\laravel\framework\src\Illuminate\Pipeline\Pipeline.php:167
#43 \vendor\laravel\framework\src\Illuminate\View\Middleware\ShareErrorsFromSession.php:49
#44 \vendor\laravel\framework\src\Illuminate\Pipeline\Pipeline.php:167
#45 \vendor\laravel\framework\src\Illuminate\Session\Middleware\StartSession.php:121
#46 \vendor\laravel\framework\src\Illuminate\Session\Middleware\StartSession.php:64
#47 \vendor\laravel\framework\src\Illuminate\Pipeline\Pipeline.php:167
#48 \vendor\laravel\framework\src\Illuminate\Cookie\Middleware\AddQueuedCookiesToResponse.php:37
#49 \vendor\laravel\framework\src\Illuminate\Pipeline\Pipeline.php:167
  
[2023-11-09 22:57:14] local.INFO: Detected N+1 Query  
[2023-11-09 22:57:14] local.INFO: Model: App\Models\SupportMessage
Relation: admin
Num-Called: 3
Call-Stack:
#18 \storage\framework\views\12fb99caca8d4fe759c8e9b6ea8b20224a8fbdc0.php:108
#20 \vendor\laravel\framework\src\Illuminate\Filesystem\Filesystem.php:108
#21 \vendor\laravel\framework\src\Illuminate\View\Engines\PhpEngine.php:58
#22 \vendor\laravel\framework\src\Illuminate\View\Engines\CompilerEngine.php:61
#23 \vendor\facade\ignition\src\Views\Engines\CompilerEngine.php:37
#24 \vendor\laravel\framework\src\Illuminate\View\View.php:139
#25 \vendor\laravel\framework\src\Illuminate\View\View.php:122
#26 \vendor\laravel\framework\src\Illuminate\View\View.php:91
#27 \vendor\laravel\framework\src\Illuminate\Http\Response.php:69
#28 \vendor\laravel\framework\src\Illuminate\Http\Response.php:35
#29 \vendor\laravel\framework\src\Illuminate\Routing\Router.php:820
#30 \vendor\laravel\framework\src\Illuminate\Routing\Router.php:789
#31 \vendor\laravel\framework\src\Illuminate\Routing\Router.php:721
#32 \vendor\laravel\framework\src\Illuminate\Pipeline\Pipeline.php:128
#33 \app\Http\Middleware\StaffAccess.php:24
#34 \vendor\laravel\framework\src\Illuminate\Pipeline\Pipeline.php:167
#35 \app\Http\Middleware\RedirectIfNotAdmin.php:22
#36 \vendor\laravel\framework\src\Illuminate\Pipeline\Pipeline.php:167
#37 \app\Http\Middleware\LastUserActivity.php:30
#38 \vendor\laravel\framework\src\Illuminate\Pipeline\Pipeline.php:167
#39 \app\Http\Middleware\LanguageMiddleware.php:21
#40 \vendor\laravel\framework\src\Illuminate\Pipeline\Pipeline.php:167
#41 \vendor\laravel\framework\src\Illuminate\Routing\Middleware\SubstituteBindings.php:50
#42 \vendor\laravel\framework\src\Illuminate\Pipeline\Pipeline.php:167
#43 \vendor\laravel\framework\src\Illuminate\Foundation\Http\Middleware\VerifyCsrfToken.php:78
#44 \vendor\laravel\framework\src\Illuminate\Pipeline\Pipeline.php:167
#45 \vendor\laravel\framework\src\Illuminate\View\Middleware\ShareErrorsFromSession.php:49
#46 \vendor\laravel\framework\src\Illuminate\Pipeline\Pipeline.php:167
#47 \vendor\laravel\framework\src\Illuminate\Session\Middleware\StartSession.php:121
#48 \vendor\laravel\framework\src\Illuminate\Session\Middleware\StartSession.php:64
#49 \vendor\laravel\framework\src\Illuminate\Pipeline\Pipeline.php:167
  
[2023-11-09 22:57:14] local.INFO: Model: App\Models\SupportMessage
Relation: App\Models\SupportAttachment
Num-Called: 3
Call-Stack:
#13 \vendor\laravel\framework\src\Illuminate\Support\Traits\ForwardsCalls.php:23
#14 \vendor\laravel\framework\src\Illuminate\Support\Traits\ForwardsCalls.php:52
#16 \storage\framework\views\12fb99caca8d4fe759c8e9b6ea8b20224a8fbdc0.php:117
#18 \vendor\laravel\framework\src\Illuminate\Filesystem\Filesystem.php:108
#19 \vendor\laravel\framework\src\Illuminate\View\Engines\PhpEngine.php:58
#20 \vendor\laravel\framework\src\Illuminate\View\Engines\CompilerEngine.php:61
#21 \vendor\facade\ignition\src\Views\Engines\CompilerEngine.php:37
#22 \vendor\laravel\framework\src\Illuminate\View\View.php:139
#23 \vendor\laravel\framework\src\Illuminate\View\View.php:122
#24 \vendor\laravel\framework\src\Illuminate\View\View.php:91
#25 \vendor\laravel\framework\src\Illuminate\Http\Response.php:69
#26 \vendor\laravel\framework\src\Illuminate\Http\Response.php:35
#27 \vendor\laravel\framework\src\Illuminate\Routing\Router.php:820
#28 \vendor\laravel\framework\src\Illuminate\Routing\Router.php:789
#29 \vendor\laravel\framework\src\Illuminate\Routing\Router.php:721
#30 \vendor\laravel\framework\src\Illuminate\Pipeline\Pipeline.php:128
#31 \app\Http\Middleware\StaffAccess.php:24
#32 \vendor\laravel\framework\src\Illuminate\Pipeline\Pipeline.php:167
#33 \app\Http\Middleware\RedirectIfNotAdmin.php:22
#34 \vendor\laravel\framework\src\Illuminate\Pipeline\Pipeline.php:167
#35 \app\Http\Middleware\LastUserActivity.php:30
#36 \vendor\laravel\framework\src\Illuminate\Pipeline\Pipeline.php:167
#37 \app\Http\Middleware\LanguageMiddleware.php:21
#38 \vendor\laravel\framework\src\Illuminate\Pipeline\Pipeline.php:167
#39 \vendor\laravel\framework\src\Illuminate\Routing\Middleware\SubstituteBindings.php:50
#40 \vendor\laravel\framework\src\Illuminate\Pipeline\Pipeline.php:167
#41 \vendor\laravel\framework\src\Illuminate\Foundation\Http\Middleware\VerifyCsrfToken.php:78
#42 \vendor\laravel\framework\src\Illuminate\Pipeline\Pipeline.php:167
#43 \vendor\laravel\framework\src\Illuminate\View\Middleware\ShareErrorsFromSession.php:49
#44 \vendor\laravel\framework\src\Illuminate\Pipeline\Pipeline.php:167
#45 \vendor\laravel\framework\src\Illuminate\Session\Middleware\StartSession.php:121
#46 \vendor\laravel\framework\src\Illuminate\Session\Middleware\StartSession.php:64
#47 \vendor\laravel\framework\src\Illuminate\Pipeline\Pipeline.php:167
#48 \vendor\laravel\framework\src\Illuminate\Cookie\Middleware\AddQueuedCookiesToResponse.php:37
#49 \vendor\laravel\framework\src\Illuminate\Pipeline\Pipeline.php:167
  
[2023-11-09 23:16:09] local.INFO: Detected N+1 Query  
[2023-11-09 23:16:09] local.INFO: Model: App\Models\SupportMessage
Relation: admin
Num-Called: 3
Call-Stack:
#18 \storage\framework\views\12fb99caca8d4fe759c8e9b6ea8b20224a8fbdc0.php:108
#20 \vendor\laravel\framework\src\Illuminate\Filesystem\Filesystem.php:108
#21 \vendor\laravel\framework\src\Illuminate\View\Engines\PhpEngine.php:58
#22 \vendor\laravel\framework\src\Illuminate\View\Engines\CompilerEngine.php:61
#23 \vendor\facade\ignition\src\Views\Engines\CompilerEngine.php:37
#24 \vendor\laravel\framework\src\Illuminate\View\View.php:139
#25 \vendor\laravel\framework\src\Illuminate\View\View.php:122
#26 \vendor\laravel\framework\src\Illuminate\View\View.php:91
#27 \vendor\laravel\framework\src\Illuminate\Http\Response.php:69
#28 \vendor\laravel\framework\src\Illuminate\Http\Response.php:35
#29 \vendor\laravel\framework\src\Illuminate\Routing\Router.php:820
#30 \vendor\laravel\framework\src\Illuminate\Routing\Router.php:789
#31 \vendor\laravel\framework\src\Illuminate\Routing\Router.php:721
#32 \vendor\laravel\framework\src\Illuminate\Pipeline\Pipeline.php:128
#33 \app\Http\Middleware\StaffAccess.php:24
#34 \vendor\laravel\framework\src\Illuminate\Pipeline\Pipeline.php:167
#35 \app\Http\Middleware\RedirectIfNotAdmin.php:22
#36 \vendor\laravel\framework\src\Illuminate\Pipeline\Pipeline.php:167
#37 \app\Http\Middleware\LastUserActivity.php:30
#38 \vendor\laravel\framework\src\Illuminate\Pipeline\Pipeline.php:167
#39 \app\Http\Middleware\LanguageMiddleware.php:21
#40 \vendor\laravel\framework\src\Illuminate\Pipeline\Pipeline.php:167
#41 \vendor\laravel\framework\src\Illuminate\Routing\Middleware\SubstituteBindings.php:50
#42 \vendor\laravel\framework\src\Illuminate\Pipeline\Pipeline.php:167
#43 \vendor\laravel\framework\src\Illuminate\Foundation\Http\Middleware\VerifyCsrfToken.php:78
#44 \vendor\laravel\framework\src\Illuminate\Pipeline\Pipeline.php:167
#45 \vendor\laravel\framework\src\Illuminate\View\Middleware\ShareErrorsFromSession.php:49
#46 \vendor\laravel\framework\src\Illuminate\Pipeline\Pipeline.php:167
#47 \vendor\laravel\framework\src\Illuminate\Session\Middleware\StartSession.php:121
#48 \vendor\laravel\framework\src\Illuminate\Session\Middleware\StartSession.php:64
#49 \vendor\laravel\framework\src\Illuminate\Pipeline\Pipeline.php:167
  
[2023-11-09 23:16:09] local.INFO: Model: App\Models\SupportMessage
Relation: App\Models\SupportAttachment
Num-Called: 3
Call-Stack:
#13 \vendor\laravel\framework\src\Illuminate\Support\Traits\ForwardsCalls.php:23
#14 \vendor\laravel\framework\src\Illuminate\Support\Traits\ForwardsCalls.php:52
#16 \storage\framework\views\12fb99caca8d4fe759c8e9b6ea8b20224a8fbdc0.php:117
#18 \vendor\laravel\framework\src\Illuminate\Filesystem\Filesystem.php:108
#19 \vendor\laravel\framework\src\Illuminate\View\Engines\PhpEngine.php:58
#20 \vendor\laravel\framework\src\Illuminate\View\Engines\CompilerEngine.php:61
#21 \vendor\facade\ignition\src\Views\Engines\CompilerEngine.php:37
#22 \vendor\laravel\framework\src\Illuminate\View\View.php:139
#23 \vendor\laravel\framework\src\Illuminate\View\View.php:122
#24 \vendor\laravel\framework\src\Illuminate\View\View.php:91
#25 \vendor\laravel\framework\src\Illuminate\Http\Response.php:69
#26 \vendor\laravel\framework\src\Illuminate\Http\Response.php:35
#27 \vendor\laravel\framework\src\Illuminate\Routing\Router.php:820
#28 \vendor\laravel\framework\src\Illuminate\Routing\Router.php:789
#29 \vendor\laravel\framework\src\Illuminate\Routing\Router.php:721
#30 \vendor\laravel\framework\src\Illuminate\Pipeline\Pipeline.php:128
#31 \app\Http\Middleware\StaffAccess.php:24
#32 \vendor\laravel\framework\src\Illuminate\Pipeline\Pipeline.php:167
#33 \app\Http\Middleware\RedirectIfNotAdmin.php:22
#34 \vendor\laravel\framework\src\Illuminate\Pipeline\Pipeline.php:167
#35 \app\Http\Middleware\LastUserActivity.php:30
#36 \vendor\laravel\framework\src\Illuminate\Pipeline\Pipeline.php:167
#37 \app\Http\Middleware\LanguageMiddleware.php:21
#38 \vendor\laravel\framework\src\Illuminate\Pipeline\Pipeline.php:167
#39 \vendor\laravel\framework\src\Illuminate\Routing\Middleware\SubstituteBindings.php:50
#40 \vendor\laravel\framework\src\Illuminate\Pipeline\Pipeline.php:167
#41 \vendor\laravel\framework\src\Illuminate\Foundation\Http\Middleware\VerifyCsrfToken.php:78
#42 \vendor\laravel\framework\src\Illuminate\Pipeline\Pipeline.php:167
#43 \vendor\laravel\framework\src\Illuminate\View\Middleware\ShareErrorsFromSession.php:49
#44 \vendor\laravel\framework\src\Illuminate\Pipeline\Pipeline.php:167
#45 \vendor\laravel\framework\src\Illuminate\Session\Middleware\StartSession.php:121
#46 \vendor\laravel\framework\src\Illuminate\Session\Middleware\StartSession.php:64
#47 \vendor\laravel\framework\src\Illuminate\Pipeline\Pipeline.php:167
#48 \vendor\laravel\framework\src\Illuminate\Cookie\Middleware\AddQueuedCookiesToResponse.php:37
#49 \vendor\laravel\framework\src\Illuminate\Pipeline\Pipeline.php:167
  
